02-Apr-2024 18:01:40.238 INFO [main] org.apache.catalina.core.ApplicationContext.log ContextListener: contextInitialized()
02-Apr-2024 18:01:40.238 INFO [main] org.apache.catalina.core.ApplicationContext.log SessionListener: contextInitialized()
02-Apr-2024 18:01:40.239 INFO [main] org.apache.catalina.core.ApplicationContext.log ContextListener: attributeAdded('StockTicker', 'async.Stockticker@4b6942a0')
02-Apr-2024 21:43:10.542 INFO [main] org.apache.catalina.core.ApplicationContext.log ContextListener: contextInitialized()
02-Apr-2024 21:43:10.542 INFO [main] org.apache.catalina.core.ApplicationContext.log SessionListener: contextInitialized()
02-Apr-2024 21:43:10.548 INFO [main] org.apache.catalina.core.ApplicationContext.log ContextListener: attributeAdded('StockTicker', 'async.Stockticker@6bab8290')
02-Apr-2024 21:55:23.105 INFO [Thread-1] org.apache.catalina.core.ApplicationContext.log SessionListener: contextDestroyed()
02-Apr-2024 21:55:23.105 INFO [Thread-1] org.apache.catalina.core.ApplicationContext.log ContextListener: contextDestroyed()
02-Apr-2024 21:55:33.648 INFO [main] org.apache.catalina.core.ApplicationContext.log ContextListener: contextInitialized()
02-Apr-2024 21:55:33.648 INFO [main] org.apache.catalina.core.ApplicationContext.log SessionListener: contextInitialized()
02-Apr-2024 21:55:33.651 INFO [main] org.apache.catalina.core.ApplicationContext.log ContextListener: attributeAdded('StockTicker', 'async.Stockticker@3f808ad9')
02-Apr-2024 22:02:44.701 INFO [Thread-1] org.apache.catalina.core.ApplicationContext.log SessionListener: contextDestroyed()
02-Apr-2024 22:02:44.701 INFO [Thread-1] org.apache.catalina.core.ApplicationContext.log ContextListener: contextDestroyed()
02-Apr-2024 22:02:55.537 INFO [main] org.apache.catalina.core.ApplicationContext.log ContextListener: contextInitialized()
02-Apr-2024 22:02:55.537 INFO [main] org.apache.catalina.core.ApplicationContext.log SessionListener: contextInitialized()
02-Apr-2024 22:02:55.539 INFO [main] org.apache.catalina.core.ApplicationContext.log ContextListener: attributeAdded('StockTicker', 'async.Stockticker@28ec92c9')
02-Apr-2024 22:07:45.502 INFO [Thread-1] org.apache.catalina.core.ApplicationContext.log SessionListener: contextDestroyed()
02-Apr-2024 22:07:45.502 INFO [Thread-1] org.apache.catalina.core.ApplicationContext.log ContextListener: contextDestroyed()
02-Apr-2024 22:07:58.534 INFO [main] org.apache.catalina.core.ApplicationContext.log ContextListener: contextInitialized()
02-Apr-2024 22:07:58.534 INFO [main] org.apache.catalina.core.ApplicationContext.log SessionListener: contextInitialized()
02-Apr-2024 22:07:58.536 INFO [main] org.apache.catalina.core.ApplicationContext.log ContextListener: attributeAdded('StockTicker', 'async.Stockticker@346d8002')
02-Apr-2024 22:11:38.035 INFO [Thread-1] org.apache.catalina.core.ApplicationContext.log SessionListener: contextDestroyed()
02-Apr-2024 22:11:38.035 INFO [Thread-1] org.apache.catalina.core.ApplicationContext.log ContextListener: contextDestroyed()
02-Apr-2024 22:11:49.003 INFO [main] org.apache.catalina.core.ApplicationContext.log ContextListener: contextInitialized()
02-Apr-2024 22:11:49.003 INFO [main] org.apache.catalina.core.ApplicationContext.log SessionListener: contextInitialized()
02-Apr-2024 22:11:49.006 INFO [main] org.apache.catalina.core.ApplicationContext.log ContextListener: attributeAdded('StockTicker', 'async.Stockticker@3eb4fdd5')
02-Apr-2024 22:17:13.086 INFO [Thread-1] org.apache.catalina.core.ApplicationContext.log SessionListener: contextDestroyed()
02-Apr-2024 22:17:13.086 INFO [Thread-1] org.apache.catalina.core.ApplicationContext.log ContextListener: contextDestroyed()
02-Apr-2024 22:17:21.854 INFO [main] org.apache.catalina.core.ApplicationContext.log ContextListener: contextInitialized()
02-Apr-2024 22:17:21.854 INFO [main] org.apache.catalina.core.ApplicationContext.log SessionListener: contextInitialized()
02-Apr-2024 22:17:21.857 INFO [main] org.apache.catalina.core.ApplicationContext.log ContextListener: attributeAdded('StockTicker', 'async.Stockticker@38388639')
02-Apr-2024 22:40:42.085 INFO [Thread-1] org.apache.catalina.core.ApplicationContext.log SessionListener: contextDestroyed()
02-Apr-2024 22:40:42.085 INFO [Thread-1] org.apache.catalina.core.ApplicationContext.log ContextListener: contextDestroyed()
02-Apr-2024 22:40:50.850 INFO [main] org.apache.catalina.core.ApplicationContext.log ContextListener: contextInitialized()
02-Apr-2024 22:40:50.850 INFO [main] org.apache.catalina.core.ApplicationContext.log SessionListener: contextInitialized()
02-Apr-2024 22:40:50.852 INFO [main] org.apache.catalina.core.ApplicationContext.log ContextListener: attributeAdded('StockTicker', 'async.Stockticker@5ac168e3')
02-Apr-2024 23:06:17.877 INFO [Thread-1] org.apache.catalina.core.ApplicationContext.log SessionListener: contextDestroyed()
02-Apr-2024 23:06:17.877 INFO [Thread-1] org.apache.catalina.core.ApplicationContext.log ContextListener: contextDestroyed()
02-Apr-2024 23:06:26.248 INFO [main] org.apache.catalina.core.ApplicationContext.log ContextListener: contextInitialized()
02-Apr-2024 23:06:26.248 INFO [main] org.apache.catalina.core.ApplicationContext.log SessionListener: contextInitialized()
02-Apr-2024 23:06:26.250 INFO [main] org.apache.catalina.core.ApplicationContext.log ContextListener: attributeAdded('StockTicker', 'async.Stockticker@59f59a0a')
02-Apr-2024 23:14:09.396 INFO [Thread-1] org.apache.catalina.core.ApplicationContext.log SessionListener: contextDestroyed()
02-Apr-2024 23:14:09.396 INFO [Thread-1] org.apache.catalina.core.ApplicationContext.log ContextListener: contextDestroyed()
02-Apr-2024 23:14:17.207 INFO [main] org.apache.catalina.core.ApplicationContext.log ContextListener: contextInitialized()
02-Apr-2024 23:14:17.208 INFO [main] org.apache.catalina.core.ApplicationContext.log SessionListener: contextInitialized()
02-Apr-2024 23:14:17.210 INFO [main] org.apache.catalina.core.ApplicationContext.log ContextListener: attributeAdded('StockTicker', 'async.Stockticker@5f49c09d')
02-Apr-2024 23:17:33.424 INFO [Thread-1] org.apache.catalina.core.ApplicationContext.log SessionListener: contextDestroyed()
02-Apr-2024 23:17:33.424 INFO [Thread-1] org.apache.catalina.core.ApplicationContext.log ContextListener: contextDestroyed()
02-Apr-2024 23:17:41.133 INFO [main] org.apache.catalina.core.ApplicationContext.log ContextListener: contextInitialized()
02-Apr-2024 23:17:41.133 INFO [main] org.apache.catalina.core.ApplicationContext.log SessionListener: contextInitialized()
02-Apr-2024 23:17:41.134 INFO [main] org.apache.catalina.core.ApplicationContext.log ContextListener: attributeAdded('StockTicker', 'async.Stockticker@511f21f9')
02-Apr-2024 23:18:35.730 INFO [Thread-1] org.apache.catalina.core.ApplicationContext.log SessionListener: contextDestroyed()
02-Apr-2024 23:18:35.730 INFO [Thread-1] org.apache.catalina.core.ApplicationContext.log ContextListener: contextDestroyed()
02-Apr-2024 23:18:44.376 INFO [main] org.apache.catalina.core.ApplicationContext.log ContextListener: contextInitialized()
02-Apr-2024 23:18:44.376 INFO [main] org.apache.catalina.core.ApplicationContext.log SessionListener: contextInitialized()
02-Apr-2024 23:18:44.378 INFO [main] org.apache.catalina.core.ApplicationContext.log ContextListener: attributeAdded('StockTicker', 'async.Stockticker@1ad4ff2a')
02-Apr-2024 23:33:22.218 INFO [Thread-1] org.apache.catalina.core.ApplicationContext.log SessionListener: contextDestroyed()
02-Apr-2024 23:33:22.219 INFO [Thread-1] org.apache.catalina.core.ApplicationContext.log ContextListener: contextDestroyed()
02-Apr-2024 23:33:31.401 INFO [main] org.apache.catalina.core.ApplicationContext.log ContextListener: contextInitialized()
02-Apr-2024 23:33:31.401 INFO [main] org.apache.catalina.core.ApplicationContext.log SessionListener: contextInitialized()
02-Apr-2024 23:33:31.402 INFO [main] org.apache.catalina.core.ApplicationContext.log ContextListener: attributeAdded('StockTicker', 'async.Stockticker@16e6a643')
02-Apr-2024 23:36:01.494 INFO [Thread-1] org.apache.catalina.core.ApplicationContext.log SessionListener: contextDestroyed()
02-Apr-2024 23:36:01.494 INFO [Thread-1] org.apache.catalina.core.ApplicationContext.log ContextListener: contextDestroyed()
02-Apr-2024 23:36:10.225 INFO [main] org.apache.catalina.core.ApplicationContext.log ContextListener: contextInitialized()
02-Apr-2024 23:36:10.225 INFO [main] org.apache.catalina.core.ApplicationContext.log SessionListener: contextInitialized()
02-Apr-2024 23:36:10.226 INFO [main] org.apache.catalina.core.ApplicationContext.log ContextListener: attributeAdded('StockTicker', 'async.Stockticker@5cdb7b')
02-Apr-2024 23:39:55.343 INFO [Thread-1] org.apache.catalina.core.ApplicationContext.log SessionListener: contextDestroyed()
02-Apr-2024 23:39:55.344 INFO [Thread-1] org.apache.catalina.core.ApplicationContext.log ContextListener: contextDestroyed()
02-Apr-2024 23:40:03.814 INFO [main] org.apache.catalina.core.ApplicationContext.log ContextListener: contextInitialized()
02-Apr-2024 23:40:03.814 INFO [main] org.apache.catalina.core.ApplicationContext.log SessionListener: contextInitialized()
02-Apr-2024 23:40:03.816 INFO [main] org.apache.catalina.core.ApplicationContext.log ContextListener: attributeAdded('StockTicker', 'async.Stockticker@27d6ff8c')
02-Apr-2024 23:45:21.571 INFO [Thread-1] org.apache.catalina.core.ApplicationContext.log SessionListener: contextDestroyed()
02-Apr-2024 23:45:21.571 INFO [Thread-1] org.apache.catalina.core.ApplicationContext.log ContextListener: contextDestroyed()
02-Apr-2024 23:45:32.165 INFO [main] org.apache.catalina.core.ApplicationContext.log ContextListener: contextInitialized()
02-Apr-2024 23:45:32.165 INFO [main] org.apache.catalina.core.ApplicationContext.log SessionListener: contextInitialized()
02-Apr-2024 23:45:32.166 INFO [main] org.apache.catalina.core.ApplicationContext.log ContextListener: attributeAdded('StockTicker', 'async.Stockticker@27d6ff8c')
02-Apr-2024 23:52:16.112 INFO [main] org.apache.catalina.core.ApplicationContext.log ContextListener: contextInitialized()
02-Apr-2024 23:52:16.112 INFO [main] org.apache.catalina.core.ApplicationContext.log SessionListener: contextInitialized()
02-Apr-2024 23:52:16.114 INFO [main] org.apache.catalina.core.ApplicationContext.log ContextListener: attributeAdded('StockTicker', 'async.Stockticker@65dac812')
02-Apr-2024 23:54:01.445 INFO [Thread-1] org.apache.catalina.core.ApplicationContext.log SessionListener: contextDestroyed()
02-Apr-2024 23:54:01.445 INFO [Thread-1] org.apache.catalina.core.ApplicationContext.log ContextListener: contextDestroyed()
02-Apr-2024 23:54:34.281 INFO [main] org.apache.catalina.core.ApplicationContext.log ContextListener: contextInitialized()
02-Apr-2024 23:54:34.282 INFO [main] org.apache.catalina.core.ApplicationContext.log SessionListener: contextInitialized()
02-Apr-2024 23:54:34.283 INFO [main] org.apache.catalina.core.ApplicationContext.log ContextListener: attributeAdded('StockTicker', 'async.Stockticker@30587737')
02-Apr-2024 23:57:39.248 INFO [main] org.apache.catalina.core.ApplicationContext.log ContextListener: contextInitialized()
02-Apr-2024 23:57:39.248 INFO [main] org.apache.catalina.core.ApplicationContext.log SessionListener: contextInitialized()
02-Apr-2024 23:57:39.249 INFO [main] org.apache.catalina.core.ApplicationContext.log ContextListener: attributeAdded('StockTicker', 'async.Stockticker@1ad4ff2a')
02-Apr-2024 23:59:38.794 INFO [Thread-1] org.apache.catalina.core.ApplicationContext.log SessionListener: contextDestroyed()
02-Apr-2024 23:59:38.794 INFO [Thread-1] org.apache.catalina.core.ApplicationContext.log ContextListener: contextDestroyed()
